<?xml version="1.0" encoding="UTF-8"?>
<!-- Generated by org.testng.reporters.JUnitXMLReporter -->
<testsuite ignored="8" hostname="DESKTOP-5NU9MOJ" failures="0" tests="4" name="Test" time="0.154" errors="0" timestamp="2023-01-16T21:27:44 IST">
  <testcase classname="practice_package.Day2Test" name="createStudent" time="0.017"/>
  <testcase classname="practice_package.Day1Test" name="createAdmin" time="0.005"/>
  <testcase classname="practice_package.Day3Test" name="createExpensses" time="0.005"/>
  <testcase classname="practice_package.Day4Test" name="createActivites" time="0.009"/>
  <testcase classname="practice_package.Day2Test" name="modifyAdmin" time="0.0">
    <ignored/>
  </testcase> <!-- modifyAdmin -->
  <testcase classname="practice_package.Day3Test" name="modifyExpensses" time="0.0">
    <ignored/>
  </testcase> <!-- modifyExpensses -->
  <testcase classname="practice_package.Day4Test" name="modifyActivites" time="0.0">
    <ignored/>
  </testcase> <!-- modifyActivites -->
  <testcase classname="practice_package.Day1Test" name="deleteAdmin" time="0.0">
    <ignored/>
  </testcase> <!-- deleteAdmin -->
  <testcase classname="practice_package.Day1Test" name="modifyAdmin" time="0.0">
    <ignored/>
  </testcase> <!-- modifyAdmin -->
  <testcase classname="practice_package.Day4Test" name="deleteActivites" time="0.0">
    <ignored/>
  </testcase> <!-- deleteActivites -->
  <testcase classname="practice_package.Day3Test" name="deleteExpensses" time="0.0">
    <ignored/>
  </testcase> <!-- deleteExpensses -->
  <testcase classname="practice_package.Day2Test" name="deleteAdmin" time="0.0">
    <ignored/>
  </testcase> <!-- deleteAdmin -->
</testsuite> <!-- Test -->
