<?xml version="1.0" encoding="UTF-8"?>
<!-- Generated by org.testng.reporters.JUnitXMLReporter -->
<testsuite ignored="0" hostname="DESKTOP-5NU9MOJ" failures="0" tests="13" name="practice_package" time="31.769" errors="0" timestamp="2023-01-18T11:48:23 IST">
  <testcase classname="practice_package.BrokenLinkTest" name="getLink" time="31.587"/>
  <testcase classname="practice_package.Day1Test" name="createAdmin" time="0.016"/>
  <testcase classname="practice_package.Day1Test" name="deleteAdmin" time="0.0"/>
  <testcase classname="practice_package.Day1Test" name="modifyAdmin" time="0.016"/>
  <testcase classname="practice_package.Day2Test" name="createStudent" time="0.0"/>
  <testcase classname="practice_package.Day2Test" name="deleteAdmin" time="0.0"/>
  <testcase classname="practice_package.Day2Test" name="modifyAdmin" time="0.0"/>
  <testcase classname="practice_package.Day3Test" name="createExpensses" time="0.0"/>
  <testcase classname="practice_package.Day3Test" name="deleteExpensses" time="0.0"/>
  <testcase classname="practice_package.Day3Test" name="modifyExpensses" time="0.0"/>
  <testcase classname="practice_package.Day4Test" name="createActivites" time="0.0"/>
  <testcase classname="practice_package.Day4Test" name="deleteActivites" time="0.015"/>
  <testcase classname="practice_package.Day4Test" name="modifyActivites" time="0.0"/>
</testsuite> <!-- practice_package -->
